#
# There is insufficient memory for the Java Runtime Environment to continue.
# Native memory allocation (malloc) failed to allocate 32744 bytes for ChunkPool::allocate
# Possible reasons:
#   The system is out of physical RAM or swap space
#   The process is running with CompressedOops enabled, and the Java Heap may be blocking the growth of the native heap
# Possible solutions:
#   Reduce memory load on the system
#   Increase physical memory or swap space
#   Check if swap backing store is full
#   Decrease Java heap size (-Xmx/-Xms)
#   Decrease number of Java threads
#   Decrease Java thread stack sizes (-Xss)
#   Set larger code cache with -XX:ReservedCodeCacheSize=
#   JVM is running with Unscaled Compressed Oops mode in which the Java heap is
#     placed in the first 4GB address space. The Java Heap base address is the
#     maximum limit for the native heap growth. Please use -XX:HeapBaseMinAddress
#     to set the Java Heap base and to place the Java Heap above 4GB virtual address.
# This output file may be truncated or incomplete.
#
#  Out of Memory Error (arena.cpp:78), pid=5132, tid=14108
#
# JRE version: OpenJDK Runtime Environment Temurin-17.0.5+8 (17.0.5+8) (build 17.0.5+8)
# Java VM: OpenJDK 64-Bit Server VM Temurin-17.0.5+8 (17.0.5+8, mixed mode, tiered, compressed oops, compressed class ptrs, g1 gc, windows-amd64)
# No core dump will be written. Minidumps are not enabled by default on client versions of Windows
#

---------------  S U M M A R Y ------------

Command Line: C:\Users\S\AppData\Local\Temp\surefire17022646079952473704\surefirebooter16153160097972499830.jar C:\Users\S\AppData\Local\Temp\surefire17022646079952473704 2023-05-26T00-14-22_498-jvmRun1 surefire6456138217871925068tmp surefire_07838028144055966132tmp

Host: Intel(R) Core(TM) i7-8650U CPU @ 1.90GHz, 8 cores, 7G,  Windows 10 , 64 bit Build 19041 (10.0.19041.2913)
Time: Fri May 26 00:14:31 2023 India Standard Time elapsed time: 6.871118 seconds (0d 0h 0m 6s)

---------------  T H R E A D  ---------------

Current thread (0x000001f15c82d190):  JavaThread "C1 CompilerThread0" daemon [_thread_in_native, id=14108, stack(0x0000005942b00000,0x0000005942c00000)]


Current CompileTask:
C1:   6871 2609       3       java.net.URLStreamHandler::parseURL (1201 bytes)

Stack: [0x0000005942b00000,0x0000005942c00000]
Native frames: (J=compiled Java code, j=interpreted, Vv=VM code, C=native code)
V  [jvm.dll+0x676b3a]
V  [jvm.dll+0x831444]
V  [jvm.dll+0x832bee]
V  [jvm.dll+0x833253]
V  [jvm.dll+0x244ce5]
V  [jvm.dll+0xabdcc]
V  [jvm.dll+0xac17c]
V  [jvm.dll+0x11c2a5]
V  [jvm.dll+0x180456]
V  [jvm.dll+0x18da8e]
V  [jvm.dll+0x133afd]
V  [jvm.dll+0x133d60]
V  [jvm.dll+0x134026]
V  [jvm.dll+0x1334ba]
V  [jvm.dll+0x135181]
V  [jvm.dll+0x22698a]
V  [jvm.dll+0x224ac5]
V  [jvm.dll+0x7e727b]
V  [jvm.dll+0x7e17ea]
V  [jvm.dll+0x6759e5]
C  [ucrtbase.dll+0x21bb2]
C  [KERNEL32.DLL+0x17614]
C  [ntdll.dll+0x526a1]


---------------  P R O C E S S  ---------------

Threads class SMR info:
_java_thread_list=0x000001f15e453ad0, length=27, elements={
0x000001f141f45bf0, 0x000001f15bec3da0, 0x000001f15bec5020, 0x000001f15c8346c0,
0x000001f15c835380, 0x000001f15c82a320, 0x000001f15c82abe0, 0x000001f15c82b7d0,
0x000001f15c82d190, 0x000001f15c82faa0, 0x000001f15c99ecb0, 0x000001f15c9ab1a0,
0x000001f15ca08870, 0x000001f15cbede10, 0x000001f15e43e890, 0x000001f15e22ed10,
0x000001f15decf3b0, 0x000001f15e440600, 0x000001f15ded0a30, 0x000001f15ded30b0,
0x000001f15ded0f00, 0x000001f15ded3580, 0x000001f15ded2240, 0x000001f15ded18a0,
0x000001f15ded2710, 0x000001f15decfbc0, 0x000001f15ded0090
}

Java Threads: ( => current thread )
  0x000001f141f45bf0 JavaThread "Forwarding findElement on session 86dc69d7d139ea2ed2088d69f508ff56 to remote" [_thread_in_native, id=15448, stack(0x0000005941d00000,0x0000005941e00000)]
  0x000001f15bec3da0 JavaThread "Reference Handler" daemon [_thread_blocked, id=3172, stack(0x0000005942400000,0x0000005942500000)]
  0x000001f15bec5020 JavaThread "Finalizer" daemon [_thread_blocked, id=11068, stack(0x0000005942500000,0x0000005942600000)]
  0x000001f15c8346c0 JavaThread "Signal Dispatcher" daemon [_thread_blocked, id=13908, stack(0x0000005942600000,0x0000005942700000)]
  0x000001f15c835380 JavaThread "Attach Listener" daemon [_thread_blocked, id=2804, stack(0x0000005942700000,0x0000005942800000)]
  0x000001f15c82a320 JavaThread "Service Thread" daemon [_thread_blocked, id=8340, stack(0x0000005942800000,0x0000005942900000)]
  0x000001f15c82abe0 JavaThread "Monitor Deflation Thread" daemon [_thread_blocked, id=2136, stack(0x0000005942900000,0x0000005942a00000)]
  0x000001f15c82b7d0 JavaThread "C2 CompilerThread0" daemon [_thread_blocked, id=968, stack(0x0000005942a00000,0x0000005942b00000)]
=>0x000001f15c82d190 JavaThread "C1 CompilerThread0" daemon [_thread_in_native, id=14108, stack(0x0000005942b00000,0x0000005942c00000)]
  0x000001f15c82faa0 JavaThread "Sweeper thread" daemon [_thread_blocked, id=16920, stack(0x0000005942c00000,0x0000005942d00000)]
  0x000001f15c99ecb0 JavaThread "Notification Thread" daemon [_thread_blocked, id=304, stack(0x0000005942d00000,0x0000005942e00000)]
  0x000001f15c9ab1a0 JavaThread "Common-Cleaner" daemon [_thread_blocked, id=1524, stack(0x0000005942f00000,0x0000005943000000)]
  0x000001f15ca08870 JavaThread "surefire-forkedjvm-command-thread" daemon [_thread_in_native, id=6884, stack(0x0000005943000000,0x0000005943100000)]
  0x000001f15cbede10 JavaThread "surefire-forkedjvm-ping-30s" daemon [_thread_blocked, id=10812, stack(0x0000005943100000,0x0000005943200000)]
  0x000001f15e43e890 JavaThread "Exec Default Executor" daemon [_thread_in_native, id=8856, stack(0x0000005943c00000,0x0000005943d00000)]
  0x000001f15e22ed10 JavaThread "UrlChecker-2" daemon [_thread_blocked, id=3704, stack(0x0000005943d00000,0x0000005943e00000)]
  0x000001f15decf3b0 JavaThread "Exec Stream Pumper" daemon [_thread_in_native, id=16804, stack(0x0000005943e00000,0x0000005943f00000)]
  0x000001f15e440600 JavaThread "Exec Stream Pumper" daemon [_thread_in_native, id=6824, stack(0x0000005943f00000,0x0000005944000000)]
  0x000001f15ded0a30 JavaThread "Keep-Alive-Timer" daemon [_thread_blocked, id=17420, stack(0x0000005944100000,0x0000005944200000)]
  0x000001f15ded30b0 JavaThread "OkHttp ConnectionPool" daemon [_thread_blocked, id=18160, stack(0x0000005944200000,0x0000005944300000)]
  0x000001f15ded0f00 JavaThread "Okio Watchdog" daemon [_thread_blocked, id=11732, stack(0x0000005944300000,0x0000005944400000)]
  0x000001f15ded3580 JavaThread "Exec Default Executor" daemon [_thread_in_native, id=7260, stack(0x0000005943200000,0x0000005943300000)]
  0x000001f15ded2240 JavaThread "Exec Stream Pumper" daemon [_thread_in_native, id=16928, stack(0x0000005943b00000,0x0000005943c00000)]
  0x000001f15ded18a0 JavaThread "Exec Stream Pumper" daemon [_thread_in_native, id=11408, stack(0x0000005944400000,0x0000005944500000)]
  0x000001f15ded2710 JavaThread "Exec Default Executor" daemon [_thread_in_native, id=13828, stack(0x0000005944500000,0x0000005944600000)]
  0x000001f15decfbc0 JavaThread "Exec Stream Pumper" daemon [_thread_in_native, id=2616, stack(0x0000005944600000,0x0000005944700000)]
  0x000001f15ded0090 JavaThread "Exec Stream Pumper" daemon [_thread_in_native, id=9532, stack(0x0000005944700000,0x0000005944800000)]

Other Threads:
  0x000001f15bebe170 VMThread "VM Thread" [stack: 0x0000005942300000,0x0000005942400000] [id=17328]
  0x000001f15c9a15a0 WatcherThread [stack: 0x0000005942e00000,0x0000005942f00000] [id=6992]
  0x000001f141fa4cd0 GCTaskThread "GC Thread#0" [stack: 0x0000005941e00000,0x0000005941f00000] [id=9252]
  0x000001f15cff19d0 GCTaskThread "GC Thread#1" [stack: 0x0000005943300000,0x0000005943400000] [id=6592]
  0x000001f15d3709c0 GCTaskThread "GC Thread#2" [stack: 0x0000005943400000,0x0000005943500000] [id=11616]
  0x000001f15ce41220 GCTaskThread "GC Thread#3" [stack: 0x0000005943500000,0x0000005943600000] [id=8172]
  0x000001f15dd1e970 GCTaskThread "GC Thread#4" [stack: 0x0000005943600000,0x0000005943700000] [id=1184]
  0x000001f15dd1ec20 GCTaskThread "GC Thread#5" [stack: 0x0000005943700000,0x0000005943800000] [id=1952]
  0x000001f15dcd2840 GCTaskThread "GC Thread#6" [stack: 0x0000005943800000,0x0000005943900000] [id=6324]
  0x000001f15ddb3ca0 GCTaskThread "GC Thread#7" [stack: 0x0000005943900000,0x0000005943a00000] [id=5400]
  0x000001f141fb5850 ConcurrentGCThread "G1 Main Marker" [stack: 0x0000005941f00000,0x0000005942000000] [id=17796]
  0x000001f141fb6260 ConcurrentGCThread "G1 Conc#0" [stack: 0x0000005942000000,0x0000005942100000] [id=4712]
  0x000001f15e07c050 ConcurrentGCThread "G1 Conc#1" [stack: 0x0000005943a00000,0x0000005943b00000] [id=15340]
  0x000001f14201d590 ConcurrentGCThread "G1 Refine#0" [stack: 0x0000005942100000,0x0000005942200000] [id=8472]
  0x000001f14201deb0 ConcurrentGCThread "G1 Service" [stack: 0x0000005942200000,0x0000005942300000] [id=13308]

Threads with active compile tasks:
C1 CompilerThread0     6918 2609       3       java.net.URLStreamHandler::parseURL (1201 bytes)

VM state: not at safepoint (normal execution)

VM Mutex/Monitor currently owned by a thread: None

Heap address: 0x0000000081e00000, size: 2018 MB, Compressed Oops mode: 32-bit

CDS archive(s) not mapped
Compressed class space mapped at: 0x0000000100000000-0x0000000140000000, reserved size: 1073741824
Narrow klass base: 0x0000000000000000, Narrow klass shift: 3, Narrow klass range: 0x140000000

GC Precious Log:
 CPUs: 8 total, 8 available
 Memory: 8071M
 Large Page Support: Disabled
 NUMA Support: Disabled
 Compressed Oops: Enabled (32-bit)
 Heap Region Size: 1M
 Heap Min Capacity: 8M
 Heap Initial Capacity: 128M
 Heap Max Capacity: 2018M
 Pre-touch: Disabled
 Parallel Workers: 8
 Concurrent Workers: 2
 Concurrent Refinement Workers: 8
 Periodic GC: Disabled

Heap:
 garbage-first heap   total 80896K, used 21742K [0x0000000081e00000, 0x0000000100000000)
  region size 1024K, 12 young (12288K), 2 survivors (2048K)
 Metaspace       used 30676K, committed 30912K, reserved 1081344K
  class space    used 3379K, committed 3456K, reserved 1048576K

Heap Regions: E=young(eden), S=young(survivor), O=old, HS=humongous(starts), HC=humongous(continues), CS=collection set, F=free, OA=open archive, CA=closed archive, TAMS=top-at-mark-start (previous, next)
|   0|0x0000000081e00000, 0x0000000081f00000, 0x0000000081f00000|100%| O|  |TAMS 0x0000000081f00000, 0x0000000081e00000| Untracked 
|   1|0x0000000081f00000, 0x0000000082000000, 0x0000000082000000|100%| O|  |TAMS 0x0000000082000000, 0x0000000081f00000| Untracked 
|   2|0x0000000082000000, 0x0000000082100000, 0x0000000082100000|100%| O|  |TAMS 0x000000008207ac00, 0x0000000082000000| Untracked 
|   3|0x0000000082100000, 0x0000000082200000, 0x0000000082200000|100%| O|  |TAMS 0x0000000082100000, 0x0000000082100000| Untracked 
|   4|0x0000000082200000, 0x0000000082300000, 0x0000000082300000|100%| O|  |TAMS 0x0000000082200000, 0x0000000082200000| Untracked 
|   5|0x0000000082300000, 0x0000000082300000, 0x0000000082400000|  0%| F|  |TAMS 0x0000000082300000, 0x0000000082300000| Untracked 
|   6|0x0000000082400000, 0x0000000082500000, 0x0000000082500000|100%| O|  |TAMS 0x0000000082400000, 0x0000000082400000| Untracked 
|   7|0x0000000082500000, 0x0000000082600000, 0x0000000082600000|100%| O|  |TAMS 0x0000000082500000, 0x0000000082500000| Untracked 
|   8|0x0000000082600000, 0x0000000082600000, 0x0000000082700000|  0%| F|  |TAMS 0x0000000082600000, 0x0000000082600000| Untracked 
|   9|0x0000000082700000, 0x0000000082700000, 0x0000000082800000|  0%| F|  |TAMS 0x0000000082700000, 0x0000000082700000| Untracked 
|  10|0x0000000082800000, 0x0000000082800000, 0x0000000082900000|  0%| F|  |TAMS 0x0000000082800000, 0x0000000082800000| Untracked 
|  11|0x0000000082900000, 0x0000000082900000, 0x0000000082a00000|  0%| F|  |TAMS 0x0000000082900000, 0x0000000082900000| Untracked 
|  12|0x0000000082a00000, 0x0000000082a00000, 0x0000000082b00000|  0%| F|  |TAMS 0x0000000082a00000, 0x0000000082a00000| Untracked 
|  13|0x0000000082b00000, 0x0000000082c00000, 0x0000000082c00000|100%| O|  |TAMS 0x0000000082b00000, 0x0000000082b00000| Untracked 
|  14|0x0000000082c00000, 0x0000000082d00000, 0x0000000082d00000|100%| O|  |TAMS 0x0000000082c00000, 0x0000000082c00000| Untracked 
|  15|0x0000000082d00000, 0x0000000082e00000, 0x0000000082e00000|100%| O|  |TAMS 0x0000000082d00000, 0x0000000082d00000| Untracked 
|  16|0x0000000082e00000, 0x0000000082e5cc00, 0x0000000082f00000| 36%| O|  |TAMS 0x0000000082e00000, 0x0000000082e00000| Untracked 
|  17|0x0000000082f00000, 0x0000000082fded98, 0x0000000083000000| 87%| S|CS|TAMS 0x0000000082f00000, 0x0000000082f00000| Complete 
|  18|0x0000000083000000, 0x0000000083000000, 0x0000000083100000|  0%| F|  |TAMS 0x0000000083000000, 0x0000000083000000| Untracked 
|  19|0x0000000083100000, 0x0000000083200000, 0x0000000083200000|100%| S|CS|TAMS 0x0000000083100000, 0x0000000083100000| Complete 
|  20|0x0000000083200000, 0x0000000083200000, 0x0000000083300000|  0%| F|  |TAMS 0x0000000083200000, 0x0000000083200000| Untracked 
|  21|0x0000000083300000, 0x0000000083300000, 0x0000000083400000|  0%| F|  |TAMS 0x0000000083300000, 0x0000000083300000| Untracked 
|  22|0x0000000083400000, 0x0000000083400000, 0x0000000083500000|  0%| F|  |TAMS 0x0000000083400000, 0x0000000083400000| Untracked 
|  23|0x0000000083500000, 0x0000000083500000, 0x0000000083600000|  0%| F|  |TAMS 0x0000000083500000, 0x0000000083500000| Untracked 
|  24|0x0000000083600000, 0x0000000083600000, 0x0000000083700000|  0%| F|  |TAMS 0x0000000083600000, 0x0000000083600000| Untracked 
|  25|0x0000000083700000, 0x0000000083700000, 0x0000000083800000|  0%| F|  |TAMS 0x0000000083700000, 0x0000000083700000| Untracked 
|  26|0x0000000083800000, 0x0000000083800000, 0x0000000083900000|  0%| F|  |TAMS 0x0000000083800000, 0x0000000083800000| Untracked 
|  27|0x0000000083900000, 0x0000000083900000, 0x0000000083a00000|  0%| F|  |TAMS 0x0000000083900000, 0x0000000083900000| Untracked 
|  28|0x0000000083a00000, 0x0000000083a00000, 0x0000000083b00000|  0%| F|  |TAMS 0x0000000083a00000, 0x0000000083a00000| Untracked 
|  29|0x0000000083b00000, 0x0000000083b00000, 0x0000000083c00000|  0%| F|  |TAMS 0x0000000083b00000, 0x0000000083b00000| Untracked 
|  30|0x0000000083c00000, 0x0000000083c00000, 0x0000000083d00000|  0%| F|  |TAMS 0x0000000083c00000, 0x0000000083c00000| Untracked 
|  31|0x0000000083d00000, 0x0000000083d00000, 0x0000000083e00000|  0%| F|  |TAMS 0x0000000083d00000, 0x0000000083d00000| Untracked 
|  32|0x0000000083e00000, 0x0000000083e00000, 0x0000000083f00000|  0%| F|  |TAMS 0x0000000083e00000, 0x0000000083e00000| Untracked 
|  33|0x0000000083f00000, 0x0000000083f00000, 0x0000000084000000|  0%| F|  |TAMS 0x0000000083f00000, 0x0000000083f00000| Untracked 
|  34|0x0000000084000000, 0x0000000084000000, 0x0000000084100000|  0%| F|  |TAMS 0x0000000084000000, 0x0000000084000000| Untracked 
|  35|0x0000000084100000, 0x0000000084100000, 0x0000000084200000|  0%| F|  |TAMS 0x0000000084100000, 0x0000000084100000| Untracked 
|  36|0x0000000084200000, 0x0000000084200000, 0x0000000084300000|  0%| F|  |TAMS 0x0000000084200000, 0x0000000084200000| Untracked 
|  37|0x0000000084300000, 0x0000000084300000, 0x0000000084400000|  0%| F|  |TAMS 0x0000000084300000, 0x0000000084300000| Untracked 
|  38|0x0000000084400000, 0x0000000084400000, 0x0000000084500000|  0%| F|  |TAMS 0x0000000084400000, 0x0000000084400000| Untracked 
|  39|0x0000000084500000, 0x0000000084500000, 0x0000000084600000|  0%| F|  |TAMS 0x0000000084500000, 0x0000000084500000| Untracked 
|  40|0x0000000084600000, 0x0000000084600000, 0x0000000084700000|  0%| F|  |TAMS 0x0000000084600000, 0x0000000084600000| Untracked 
|  41|0x0000000084700000, 0x0000000084700000, 0x0000000084800000|  0%| F|  |TAMS 0x0000000084700000, 0x0000000084700000| Untracked 
|  42|0x0000000084800000, 0x0000000084800000, 0x0000000084900000|  0%| F|  |TAMS 0x0000000084800000, 0x0000000084800000| Untracked 
|  43|0x0000000084900000, 0x0000000084900000, 0x0000000084a00000|  0%| F|  |TAMS 0x0000000084900000, 0x0000000084900000| Untracked 
|  44|0x0000000084a00000, 0x0000000084a00000, 0x0000000084b00000|  0%| F|  |TAMS 0x0000000084a00000, 0x0000000084a00000| Untracked 
|  45|0x0000000084b00000, 0x0000000084b00000, 0x0000000084c00000|  0%| F|  |TAMS 0x0000000084b00000, 0x0000000084b00000| Untracked 
|  46|0x0000000084c00000, 0x0000000084c00000, 0x0000000084d00000|  0%| F|  |TAMS 0x0000000084c00000, 0x0000000084c00000| Untracked 
|  47|0x0000000084d00000, 0x0000000084d00000, 0x0000000084e00000|  0%| F|  |TAMS 0x0000000084d00000, 0x0000000084d00000| Untracked 
|  48|0x0000000084e00000, 0x0000000084e00000, 0x0000000084f00000|  0%| F|  |TAMS 0x0000000084e00000, 0x0000000084e00000| Untracked 
|  49|0x0000000084f00000, 0x0000000084f00000, 0x0000000085000000|  0%| F|  |TAMS 0x0000000084f00000, 0x0000000084f00000| Untracked 
|  50|0x0000000085000000, 0x0000000085000000, 0x0000000085100000|  0%| F|  |TAMS 0x0000000085000000, 0x0000000085000000| Untracked 
|  51|0x0000000085100000, 0x0000000085100000, 0x0000000085200000|  0%| F|  |TAMS 0x0000000085100000, 0x0000000085100000| Untracked 
|  52|0x0000000085200000, 0x0000000085200000, 0x0000000085300000|  0%| F|  |TAMS 0x0000000085200000, 0x0000000085200000| Untracked 
|  53|0x0000000085300000, 0x0000000085300000, 0x0000000085400000|  0%| F|  |TAMS 0x0000000085300000, 0x0000000085300000| Untracked 
|  54|0x0000000085400000, 0x0000000085400000, 0x0000000085500000|  0%| F|  |TAMS 0x0000000085400000, 0x0000000085400000| Untracked 
|  55|0x0000000085500000, 0x0000000085500000, 0x0000000085600000|  0%| F|  |TAMS 0x0000000085500000, 0x0000000085500000| Untracked 
|  56|0x0000000085600000, 0x0000000085600000, 0x0000000085700000|  0%| F|  |TAMS 0x0000000085600000, 0x0000000085600000| Untracked 
|  57|0x0000000085700000, 0x0000000085700000, 0x0000000085800000|  0%| F|  |TAMS 0x0000000085700000, 0x0000000085700000| Untracked 
|  58|0x0000000085800000, 0x0000000085800000, 0x0000000085900000|  0%| F|  |TAMS 0x0000000085800000, 0x0000000085800000| Untracked 
|  59|0x0000000085900000, 0x0000000085900000, 0x0000000085a00000|  0%| F|  |TAMS 0x0000000085900000, 0x0000000085900000| Untracked 
|  60|0x0000000085a00000, 0x0000000085a00000, 0x0000000085b00000|  0%| F|  |TAMS 0x0000000085a00000, 0x0000000085a00000| Untracked 
|  61|0x0000000085b00000, 0x0000000085b00000, 0x0000000085c00000|  0%| F|  |TAMS 0x0000000085b00000, 0x0000000085b00000| Untracked 
|  62|0x0000000085c00000, 0x0000000085c00000, 0x0000000085d00000|  0%| F|  |TAMS 0x0000000085c00000, 0x0000000085c00000| Untracked 
|  63|0x0000000085d00000, 0x0000000085d00000, 0x0000000085e00000|  0%| F|  |TAMS 0x0000000085d00000, 0x0000000085d00000| Untracked 
|  64|0x0000000085e00000, 0x0000000085e00000, 0x0000000085f00000|  0%| F|  |TAMS 0x0000000085e00000, 0x0000000085e00000| Untracked 
|  65|0x0000000085f00000, 0x0000000085f00000, 0x0000000086000000|  0%| F|  |TAMS 0x0000000085f00000, 0x0000000085f00000| Untracked 
|  66|0x0000000086000000, 0x0000000086000000, 0x0000000086100000|  0%| F|  |TAMS 0x0000000086000000, 0x0000000086000000| Untracked 
|  67|0x0000000086100000, 0x0000000086100000, 0x0000000086200000|  0%| F|  |TAMS 0x0000000086100000, 0x0000000086100000| Untracked 
|  68|0x0000000086200000, 0x0000000086200000, 0x0000000086300000|  0%| F|  |TAMS 0x0000000086200000, 0x0000000086200000| Untracked 
|  69|0x0000000086300000, 0x0000000086400000, 0x0000000086400000|100%| E|  |TAMS 0x0000000086300000, 0x0000000086300000| Complete 
|  70|0x0000000086400000, 0x0000000086500000, 0x0000000086500000|100%| E|CS|TAMS 0x0000000086400000, 0x0000000086400000| Complete 
|  71|0x0000000086500000, 0x0000000086600000, 0x0000000086600000|100%| E|CS|TAMS 0x0000000086500000, 0x0000000086500000| Complete 
|  72|0x0000000086600000, 0x0000000086700000, 0x0000000086700000|100%| E|CS|TAMS 0x0000000086600000, 0x0000000086600000| Complete 
|  73|0x0000000086700000, 0x0000000086800000, 0x0000000086800000|100%| E|CS|TAMS 0x0000000086700000, 0x0000000086700000| Complete 
|  74|0x0000000086800000, 0x0000000086900000, 0x0000000086900000|100%| E|CS|TAMS 0x0000000086800000, 0x0000000086800000| Complete 
|  75|0x0000000086900000, 0x0000000086a00000, 0x0000000086a00000|100%| E|CS|TAMS 0x0000000086900000, 0x0000000086900000| Complete 
| 100|0x0000000088200000, 0x0000000088300000, 0x0000000088300000|100%| E|CS|TAMS 0x0000000088200000, 0x0000000088200000| Complete 
| 101|0x0000000088300000, 0x0000000088400000, 0x0000000088400000|100%| E|CS|TAMS 0x0000000088300000, 0x0000000088300000| Complete 
| 127|0x0000000089d00000, 0x0000000089e00000, 0x0000000089e00000|100%| E|CS|TAMS 0x0000000089d00000, 0x0000000089d00000| Complete 

Card table byte_map: [0x000001f154d50000,0x000001f155150000] _byte_map_base: 0x000001f154941000

Marking Bits (Prev, Next): (CMBitMap*) 0x000001f141fa5320, (CMBitMap*) 0x000001f141fa52e0
 Prev Bits: [0x000001f1574e0000, 0x000001f159468000)
 Next Bits: [0x000001f155550000, 0x000001f1574d8000)

Polling page: 0x000001f13feb0000

Metaspace:

Usage:
  Non-class:     26.66 MB used.
      Class:      3.30 MB used.
       Both:     29.96 MB used.

Virtual space:
  Non-class space:       32.00 MB reserved,      26.81 MB ( 84%) committed,  4 nodes.
      Class space:        1.00 GB reserved,       3.38 MB ( <1%) committed,  1 nodes.
             Both:        1.03 GB reserved,      30.19 MB (  3%) committed. 

Chunk freelists:
   Non-Class:  928.00 KB
       Class:  576.00 KB
        Both:  1.47 MB

MaxMetaspaceSize: unlimited
CompressedClassSpaceSize: 1.00 GB
Initial GC threshold: 21.00 MB
Current GC threshold: 35.25 MB
CDS: off
MetaspaceReclaimPolicy: balanced
 - commit_granule_bytes: 65536.
 - commit_granule_words: 8192.
 - virtual_space_node_default_size: 1048576.
 - enlarge_chunks_in_place: 1.
 - new_chunks_are_fully_committed: 0.
 - uncommit_free_chunks: 1.
 - use_allocation_guard: 0.
 - handle_deallocations: 1.


Internal statistics:

num_allocs_failed_limit: 3.
num_arena_births: 232.
num_arena_deaths: 0.
num_vsnodes_births: 5.
num_vsnodes_deaths: 0.
num_space_committed: 483.
num_space_uncommitted: 0.
num_chunks_returned_to_freelist: 3.
num_chunks_taken_from_freelist: 867.
num_chunk_merges: 3.
num_chunk_splits: 582.
num_chunks_enlarged: 451.
num_purges: 0.
num_inconsistent_stats: 0.

CodeHeap 'non-profiled nmethods': size=120000Kb used=1065Kb max_used=1065Kb free=118935Kb
 bounds [0x000001f14d0e0000, 0x000001f14d350000, 0x000001f154610000]
CodeHeap 'profiled nmethods': size=120000Kb used=4990Kb max_used=4990Kb free=115009Kb
 bounds [0x000001f145bb0000, 0x000001f146090000, 0x000001f14d0e0000]
CodeHeap 'non-nmethods': size=5760Kb used=1220Kb max_used=1253Kb free=4539Kb
 bounds [0x000001f145610000, 0x000001f145880000, 0x000001f145bb0000]
 total_blobs=3132 nmethods=2607 adapters=437
 compilation: enabled
              stopped_count=0, restarted_count=0
 full_count=0

Compilation events (20 events):
Event: 5.048 Thread 0x000001f15c82d190 nmethod 2599 0x000001f14608a810 code [0x000001f14608aac0, 0x000001f14608b578]
Event: 5.048 Thread 0x000001f15c82d190 2596       3       com.google.common.collect.RegularImmutableList::<init> (10 bytes)
Event: 5.049 Thread 0x000001f15c82d190 nmethod 2596 0x000001f14608b990 code [0x000001f14608bb40, 0x000001f14608be18]
Event: 5.051 Thread 0x000001f15c82d190 2600       3       java.util.regex.Pattern$$Lambda$35/0x00000001000e4418::is (13 bytes)
Event: 5.052 Thread 0x000001f15c82d190 nmethod 2600 0x000001f14608bf90 code [0x000001f14608c140, 0x000001f14608c398]
Event: 5.052 Thread 0x000001f15c82d190 2601       3       java.util.regex.Pattern::lambda$Range$10 (7 bytes)
Event: 5.053 Thread 0x000001f15c82d190 nmethod 2601 0x000001f14608c490 code [0x000001f14608c620, 0x000001f14608c7f8]
Event: 5.054 Thread 0x000001f15c82d190 2602       3       java.util.concurrent.TimeUnit::toMillis (69 bytes)
Event: 5.054 Thread 0x000001f15c82d190 nmethod 2602 0x000001f14608c890 code [0x000001f14608ca40, 0x000001f14608cd58]
Event: 6.852 Thread 0x000001f15c82d190 2603       3       com.google.common.collect.ImmutableEntry::<init> (15 bytes)
Event: 6.853 Thread 0x000001f15c82d190 nmethod 2603 0x000001f14608ce10 code [0x000001f14608cfc0, 0x000001f14608d238]
Event: 6.853 Thread 0x000001f15c82d190 2604   !   3       java.util.regex.Pattern::<init> (144 bytes)
Event: 6.855 Thread 0x000001f15c82d190 nmethod 2604 0x000001f14608d310 code [0x000001f14608d600, 0x000001f14608e6b8]
Event: 6.856 Thread 0x000001f15c82d190 2605       3       sun.nio.ch.Util::isBufferTooLarge (15 bytes)
Event: 6.856 Thread 0x000001f15c82d190 nmethod 2605 0x000001f14608ec90 code [0x000001f14608ee20, 0x000001f14608ef78]
Event: 6.858 Thread 0x000001f15c82d190 2606       3       com.google.common.base.CharMatcher$AnyOf::matches (17 bytes)
Event: 6.859 Thread 0x000001f15c82d190 nmethod 2606 0x000001f14608f010 code [0x000001f14608f1c0, 0x000001f14608f3c8]
Event: 6.859 Thread 0x000001f15c82d190 2608       3       java.util.Arrays::binarySearch0 (72 bytes)
Event: 6.859 Thread 0x000001f15c82d190 nmethod 2608 0x000001f14608f510 code [0x000001f14608f6c0, 0x000001f14608f958]
Event: 6.859 Thread 0x000001f15c82d190 2609       3       java.net.URLStreamHandler::parseURL (1201 bytes)

GC Heap History (12 events):
Event: 0.962 GC heap before
{Heap before GC invocations=0 (full 0):
 garbage-first heap   total 131072K, used 22528K [0x0000000081e00000, 0x0000000100000000)
  region size 1024K, 23 young (23552K), 0 survivors (0K)
 Metaspace       used 15033K, committed 15104K, reserved 1064960K
  class space    used 1449K, committed 1472K, reserved 1048576K
}
Event: 0.967 GC heap after
{Heap after GC invocations=1 (full 0):
 garbage-first heap   total 131072K, used 5611K [0x0000000081e00000, 0x0000000100000000)
  region size 1024K, 3 young (3072K), 3 survivors (3072K)
 Metaspace       used 15033K, committed 15104K, reserved 1064960K
  class space    used 1449K, committed 1472K, reserved 1048576K
}
Event: 1.478 GC heap before
{Heap before GC invocations=1 (full 0):
 garbage-first heap   total 131072K, used 28139K [0x0000000081e00000, 0x0000000100000000)
  region size 1024K, 26 young (26624K), 3 survivors (3072K)
 Metaspace       used 21293K, committed 21504K, reserved 1073152K
  class space    used 2205K, committed 2304K, reserved 1048576K
}
Event: 1.484 GC heap after
{Heap after GC invocations=2 (full 0):
 garbage-first heap   total 131072K, used 7758K [0x0000000081e00000, 0x0000000100000000)
  region size 1024K, 2 young (2048K), 2 survivors (2048K)
 Metaspace       used 21293K, committed 21504K, reserved 1073152K
  class space    used 2205K, committed 2304K, reserved 1048576K
}
Event: 1.762 GC heap before
{Heap before GC invocations=3 (full 0):
 garbage-first heap   total 30720K, used 22094K [0x0000000081e00000, 0x0000000100000000)
  region size 1024K, 17 young (17408K), 2 survivors (2048K)
 Metaspace       used 24485K, committed 24768K, reserved 1073152K
  class space    used 2553K, committed 2688K, reserved 1048576K
}
Event: 1.771 GC heap after
{Heap after GC invocations=4 (full 0):
 garbage-first heap   total 30720K, used 10830K [0x0000000081e00000, 0x0000000100000000)
  region size 1024K, 5 young (5120K), 5 survivors (5120K)
 Metaspace       used 24485K, committed 24768K, reserved 1073152K
  class space    used 2553K, committed 2688K, reserved 1048576K
}
Event: 1.783 GC heap before
{Heap before GC invocations=4 (full 0):
 garbage-first heap   total 30720K, used 11854K [0x0000000081e00000, 0x0000000100000000)
  region size 1024K, 6 young (6144K), 5 survivors (5120K)
 Metaspace       used 24514K, committed 24768K, reserved 1073152K
  class space    used 2553K, committed 2688K, reserved 1048576K
}
Event: 1.790 GC heap after
{Heap after GC invocations=5 (full 0):
 garbage-first heap   total 30720K, used 11443K [0x0000000081e00000, 0x0000000100000000)
  region size 1024K, 1 young (1024K), 1 survivors (1024K)
 Metaspace       used 24514K, committed 24768K, reserved 1073152K
  class space    used 2553K, committed 2688K, reserved 1048576K
}
Event: 1.965 GC heap before
{Heap before GC invocations=5 (full 0):
 garbage-first heap   total 30720K, used 20659K [0x0000000081e00000, 0x0000000100000000)
  region size 1024K, 11 young (11264K), 1 survivors (1024K)
 Metaspace       used 26269K, committed 26496K, reserved 1073152K
  class space    used 2784K, committed 2880K, reserved 1048576K
}
Event: 1.967 GC heap after
{Heap after GC invocations=6 (full 0):
 garbage-first heap   total 30720K, used 11635K [0x0000000081e00000, 0x0000000100000000)
  region size 1024K, 1 young (1024K), 1 survivors (1024K)
 Metaspace       used 26269K, committed 26496K, reserved 1073152K
  class space    used 2784K, committed 2880K, reserved 1048576K
}
Event: 2.230 GC heap before
{Heap before GC invocations=6 (full 0):
 garbage-first heap   total 30720K, used 20851K [0x0000000081e00000, 0x0000000100000000)
  region size 1024K, 11 young (11264K), 1 survivors (1024K)
 Metaspace       used 29032K, committed 29312K, reserved 1081344K
  class space    used 3193K, committed 3328K, reserved 1048576K
}
Event: 2.234 GC heap after
{Heap after GC invocations=7 (full 0):
 garbage-first heap   total 80896K, used 12526K [0x0000000081e00000, 0x0000000100000000)
  region size 1024K, 2 young (2048K), 2 survivors (2048K)
 Metaspace       used 29032K, committed 29312K, reserved 1081344K
  class space    used 3193K, committed 3328K, reserved 1048576K
}

Dll operation events (9 events):
Event: 0.010 Loaded shared library F:\eclipse\plugins\org.eclipse.justj.openjdk.hotspot.jre.full.win32.x86_64_17.0.5.v20221102-0933\jre\bin\java.dll
Event: 0.140 Loaded shared library F:\eclipse\plugins\org.eclipse.justj.openjdk.hotspot.jre.full.win32.x86_64_17.0.5.v20221102-0933\jre\bin\net.dll
Event: 0.141 Loaded shared library F:\eclipse\plugins\org.eclipse.justj.openjdk.hotspot.jre.full.win32.x86_64_17.0.5.v20221102-0933\jre\bin\nio.dll
Event: 0.147 Loaded shared library F:\eclipse\plugins\org.eclipse.justj.openjdk.hotspot.jre.full.win32.x86_64_17.0.5.v20221102-0933\jre\bin\zip.dll
Event: 0.249 Loaded shared library F:\eclipse\plugins\org.eclipse.justj.openjdk.hotspot.jre.full.win32.x86_64_17.0.5.v20221102-0933\jre\bin\management.dll
Event: 0.289 Loaded shared library F:\eclipse\plugins\org.eclipse.justj.openjdk.hotspot.jre.full.win32.x86_64_17.0.5.v20221102-0933\jre\bin\management_ext.dll
Event: 0.384 Loaded shared library F:\eclipse\plugins\org.eclipse.justj.openjdk.hotspot.jre.full.win32.x86_64_17.0.5.v20221102-0933\jre\bin\jimage.dll
Event: 0.444 Loaded shared library F:\eclipse\plugins\org.eclipse.justj.openjdk.hotspot.jre.full.win32.x86_64_17.0.5.v20221102-0933\jre\bin\verify.dll
Event: 1.488 Loaded shared library F:\eclipse\plugins\org.eclipse.justj.openjdk.hotspot.jre.full.win32.x86_64_17.0.5.v20221102-0933\jre\bin\sunmscapi.dll

Deoptimization events (20 events):
Event: 2.973 Thread 0x000001f141f45bf0 Uncommon trap: trap_request=0xffffff45 fr.pc=0x000001f14d1aaf0c relative=0x000000000000008c
Event: 2.973 Thread 0x000001f141f45bf0 Uncommon trap: reason=unstable_if action=reinterpret pc=0x000001f14d1aaf0c method=java.lang.Math.floorMod(JJ)J @ 10 c2
Event: 2.973 Thread 0x000001f141f45bf0 DEOPT PACKING pc=0x000001f14d1aaf0c sp=0x0000005941dfc740
Event: 2.973 Thread 0x000001f141f45bf0 DEOPT UNPACKING pc=0x000001f1456623a3 sp=0x0000005941dfc6d0 mode 2
Event: 3.086 Thread 0x000001f141f45bf0 DEOPT PACKING pc=0x000001f145f2dfc2 sp=0x0000005941dfd030
Event: 3.086 Thread 0x000001f141f45bf0 DEOPT UNPACKING pc=0x000001f145662b43 sp=0x0000005941dfc540 mode 0
Event: 3.106 Thread 0x000001f141f45bf0 DEOPT PACKING pc=0x000001f145f2dfc2 sp=0x0000005941dfd110
Event: 3.106 Thread 0x000001f141f45bf0 DEOPT UNPACKING pc=0x000001f145662b43 sp=0x0000005941dfc620 mode 0
Event: 3.114 Thread 0x000001f141f45bf0 Uncommon trap: trap_request=0xffffffc6 fr.pc=0x000001f14d174f48 relative=0x0000000000001f88
Event: 3.114 Thread 0x000001f141f45bf0 Uncommon trap: reason=bimorphic_or_optimized_type_check action=maybe_recompile pc=0x000001f14d174f48 method=java.net.URL.<init>(Ljava/net/URL;Ljava/lang/String;Ljava/net/URLStreamHandler;)V @ 504 c2
Event: 3.114 Thread 0x000001f141f45bf0 DEOPT PACKING pc=0x000001f14d174f48 sp=0x0000005941dfd360
Event: 3.114 Thread 0x000001f141f45bf0 DEOPT UNPACKING pc=0x000001f1456623a3 sp=0x0000005941dfd2e0 mode 2
Event: 3.114 Thread 0x000001f141f45bf0 Uncommon trap: trap_request=0xffffff45 fr.pc=0x000001f14d1b9410 relative=0x00000000000041f0
Event: 3.114 Thread 0x000001f141f45bf0 Uncommon trap: reason=unstable_if action=reinterpret pc=0x000001f14d1b9410 method=java.net.URLStreamHandler.parseURL(Ljava/net/URL;Ljava/lang/String;II)V @ 698 c2
Event: 3.114 Thread 0x000001f141f45bf0 DEOPT PACKING pc=0x000001f14d1b9410 sp=0x0000005941dfd210
Event: 3.115 Thread 0x000001f141f45bf0 DEOPT UNPACKING pc=0x000001f1456623a3 sp=0x0000005941dfd1f8 mode 2
Event: 3.187 Thread 0x000001f15cbede10 Uncommon trap: trap_request=0xffffffde fr.pc=0x000001f14d16d764 relative=0x00000000000001a4
Event: 3.187 Thread 0x000001f15cbede10 Uncommon trap: reason=class_check action=maybe_recompile pc=0x000001f14d16d764 method=java.util.regex.Pattern$BmpCharProperty.match(Ljava/util/regex/Matcher;ILjava/lang/CharSequence;)Z @ 14 c2
Event: 3.187 Thread 0x000001f15cbede10 DEOPT PACKING pc=0x000001f14d16d764 sp=0x00000059431fe900
Event: 3.187 Thread 0x000001f15cbede10 DEOPT UNPACKING pc=0x000001f1456623a3 sp=0x00000059431fe8a0 mode 2

Classes unloaded (0 events):
No events

Classes redefined (0 events):
No events

Internal exceptions (20 events):
Event: 2.093 Thread 0x000001f141f45bf0 Exception <a 'java/lang/NoSuchMethodError'{0x00000000882bd858}: 'void java.lang.invoke.DirectMethodHandle$Holder.invokeInterface(java.lang.Object, java.lang.Object, java.lang.Object)'> (0x00000000882bd858) 
thrown [s\src\hotspot\share\interpreter\linkResolver.cpp, line 759]
Event: 2.104 Thread 0x000001f141f45bf0 Exception <a 'java/lang/NoSuchMethodError'{0x000000008381cb30}: 'double java.lang.invoke.DirectMethodHandle$Holder.invokeVirtual(java.lang.Object, java.lang.Object)'> (0x000000008381cb30) 
thrown [s\src\hotspot\share\interpreter\linkResolver.cpp, line 759]
Event: 2.104 Thread 0x000001f141f45bf0 Exception <a 'java/lang/NoSuchMethodError'{0x0000000083823368}: 'float java.lang.invoke.DirectMethodHandle$Holder.invokeVirtual(java.lang.Object, java.lang.Object)'> (0x0000000083823368) 
thrown [s\src\hotspot\share\interpreter\linkResolver.cpp, line 759]
Event: 2.105 Thread 0x000001f141f45bf0 Exception <a 'java/lang/NoSuchMethodError'{0x000000008382c650}: 'long java.lang.invoke.DirectMethodHandle$Holder.invokeVirtual(java.lang.Object, java.lang.Object)'> (0x000000008382c650) 
thrown [s\src\hotspot\share\interpreter\linkResolver.cpp, line 759]
Event: 2.939 Thread 0x000001f141f45bf0 Exception <a 'java/lang/NoSuchMethodError'{0x000000008825bd88}: 'java.lang.Object java.lang.invoke.DirectMethodHandle$Holder.invokeSpecialIFC(java.lang.Object, java.lang.Object, java.lang.Object)'> (0x000000008825bd88) 
thrown [s\src\hotspot\share\interpreter\linkResolver.cpp, line 759]
Event: 2.993 Thread 0x000001f141f45bf0 Exception <a 'java/lang/ClassNotFoundException'{0x0000000086908910}: sun/util/logging/resources/spi/loggingProvider> (0x0000000086908910) 
thrown [s\src\hotspot\share\classfile\systemDictionary.cpp, line 256]
Event: 3.108 Thread 0x000001f141f45bf0 Exception <a 'java/net/SocketException'{0x00000000866439a8}: Socket is not connected: shutdown> (0x00000000866439a8) 
thrown [s\src\hotspot\share\prims\jni.cpp, line 535]
Event: 3.119 Thread 0x000001f15e22ed10 Exception <a 'java/net/ConnectException'{0x00000000866b3a00}: Connection refused: no further information> (0x00000000866b3a00) 
thrown [s\src\hotspot\share\prims\jni.cpp, line 535]
Event: 3.119 Thread 0x000001f15e22ed10 Exception <a 'java/net/SocketException'{0x00000000866b3d38}: Socket is not connected: shutdown> (0x00000000866b3d38) 
thrown [s\src\hotspot\share\prims\jni.cpp, line 535]
Event: 3.157 Thread 0x000001f15e22ed10 Exception <a 'java/net/ConnectException'{0x00000000866b4d80}: Connection refused: no further information> (0x00000000866b4d80) 
thrown [s\src\hotspot\share\prims\jni.cpp, line 535]
Event: 3.157 Thread 0x000001f15e22ed10 Exception <a 'java/net/SocketException'{0x00000000866b50b8}: Socket is not connected: shutdown> (0x00000000866b50b8) 
thrown [s\src\hotspot\share\prims\jni.cpp, line 535]
Event: 3.189 Thread 0x000001f15e22ed10 Exception <a 'java/net/ConnectException'{0x00000000866b6100}: Connection refused: no further information> (0x00000000866b6100) 
thrown [s\src\hotspot\share\prims\jni.cpp, line 535]
Event: 3.189 Thread 0x000001f15e22ed10 Exception <a 'java/net/SocketException'{0x00000000866b6438}: Socket is not connected: shutdown> (0x00000000866b6438) 
thrown [s\src\hotspot\share\prims\jni.cpp, line 535]
Event: 3.950 Thread 0x000001f141f45bf0 Exception <a 'java/net/SocketException'{0x00000000865b0e68}: Socket is not connected: shutdown> (0x00000000865b0e68) 
thrown [s\src\hotspot\share\prims\jni.cpp, line 535]
Event: 3.967 Thread 0x000001f15e22ed10 Exception <a 'java/net/ConnectException'{0x00000000866c3a70}: Connection refused: no further information> (0x00000000866c3a70) 
thrown [s\src\hotspot\share\prims\jni.cpp, line 535]
Event: 3.968 Thread 0x000001f15e22ed10 Exception <a 'java/net/SocketException'{0x00000000866c3da8}: Socket is not connected: shutdown> (0x00000000866c3da8) 
thrown [s\src\hotspot\share\prims\jni.cpp, line 535]
Event: 3.982 Thread 0x000001f15e22ed10 Exception <a 'java/net/ConnectException'{0x00000000866c4df0}: Connection refused: no further information> (0x00000000866c4df0) 
thrown [s\src\hotspot\share\prims\jni.cpp, line 535]
Event: 3.982 Thread 0x000001f15e22ed10 Exception <a 'java/net/SocketException'{0x00000000866c5128}: Socket is not connected: shutdown> (0x00000000866c5128) 
thrown [s\src\hotspot\share\prims\jni.cpp, line 535]
Event: 4.004 Thread 0x000001f15e22ed10 Exception <a 'java/net/ConnectException'{0x00000000866c6170}: Connection refused: no further information> (0x00000000866c6170) 
thrown [s\src\hotspot\share\prims\jni.cpp, line 535]
Event: 4.005 Thread 0x000001f15e22ed10 Exception <a 'java/net/SocketException'{0x00000000866c64a8}: Socket is not connected: shutdown> (0x00000000866c64a8) 
thrown [s\src\hotspot\share\prims\jni.cpp, line 535]

VM Operations (20 events):
Event: 1.783 Executing VM operation: G1CollectForAllocation
Event: 1.790 Executing VM operation: G1CollectForAllocation done
Event: 1.959 Executing VM operation: HandshakeAllThreads
Event: 1.959 Executing VM operation: HandshakeAllThreads done
Event: 1.965 Executing VM operation: G1CollectForAllocation
Event: 1.968 Executing VM operation: G1CollectForAllocation done
Event: 2.060 Executing VM operation: HandshakeAllThreads
Event: 2.060 Executing VM operation: HandshakeAllThreads done
Event: 2.062 Executing VM operation: HandshakeAllThreads
Event: 2.062 Executing VM operation: HandshakeAllThreads done
Event: 2.230 Executing VM operation: G1CollectForAllocation
Event: 2.234 Executing VM operation: G1CollectForAllocation done
Event: 2.957 Executing VM operation: HandshakeAllThreads
Event: 2.957 Executing VM operation: HandshakeAllThreads done
Event: 3.962 Executing VM operation: Cleanup
Event: 3.963 Executing VM operation: Cleanup done
Event: 4.964 Executing VM operation: Cleanup
Event: 4.964 Executing VM operation: Cleanup done
Event: 5.964 Executing VM operation: Cleanup
Event: 5.964 Executing VM operation: Cleanup done

Events (20 events):
Event: 2.997 loading class java/util/Formatter$DateTime
Event: 2.997 loading class java/util/Formatter$DateTime done
Event: 2.997 loading class java/time/ZonedDateTime$1
Event: 2.997 loading class java/time/ZonedDateTime$1 done
Event: 2.998 loading class java/time/LocalDate$1
Event: 2.998 loading class java/time/LocalDate$1 done
Event: 2.998 loading class java/time/LocalTime$1
Event: 2.999 loading class java/time/LocalTime$1 done
Event: 3.025 loading class java/time/Instant$1
Event: 3.025 loading class java/time/Instant$1 done
Event: 3.071 loading class jdk/internal/reflect/UnsafeObjectFieldAccessorImpl
Event: 3.072 loading class jdk/internal/reflect/UnsafeObjectFieldAccessorImpl done
Event: 3.072 loading class java/util/AbstractList$ListItr
Event: 3.072 loading class java/util/AbstractList$ListItr done
Event: 3.118 Thread 0x000001f15ded3580 Thread added: 0x000001f15ded3580
Event: 3.125 Thread 0x000001f15ded2240 Thread added: 0x000001f15ded2240
Event: 3.125 Thread 0x000001f15ded18a0 Thread added: 0x000001f15ded18a0
Event: 3.966 Thread 0x000001f15ded2710 Thread added: 0x000001f15ded2710
Event: 3.974 Thread 0x000001f15decfbc0 Thread added: 0x000001f15decfbc0
Event: 3.974 Thread 0x000001f15ded0090 Thread added: 0x000001f15ded0090


Dynamic libraries:
0x00007ff65eaf0000 - 0x00007ff65eafe000 	F:\eclipse\plugins\org.eclipse.justj.openjdk.hotspot.jre.full.win32.x86_64_17.0.5.v20221102-0933\jre\bin\java.exe
0x00007ffbeb530000 - 0x00007ffbeb728000 	C:\Windows\SYSTEM32\ntdll.dll
0x00007ffbeae30000 - 0x00007ffbeaeef000 	C:\Windows\System32\KERNEL32.DLL
0x00007ffbe8ed0000 - 0x00007ffbe91c6000 	C:\Windows\System32\KERNELBASE.dll
0x00007ffbe8c80000 - 0x00007ffbe8d80000 	C:\Windows\System32\ucrtbase.dll
0x00007ffbdd410000 - 0x00007ffbdd429000 	F:\eclipse\plugins\org.eclipse.justj.openjdk.hotspot.jre.full.win32.x86_64_17.0.5.v20221102-0933\jre\bin\VCRUNTIME140.dll
0x00007ffbddfb0000 - 0x00007ffbddfc7000 	F:\eclipse\plugins\org.eclipse.justj.openjdk.hotspot.jre.full.win32.x86_64_17.0.5.v20221102-0933\jre\bin\jli.dll
0x00007ffbe9f30000 - 0x00007ffbea0cd000 	C:\Windows\System32\USER32.dll
0x00007ffbe91d0000 - 0x00007ffbe91f2000 	C:\Windows\System32\win32u.dll
0x00007ffbd20f0000 - 0x00007ffbd238a000 	C:\Windows\WinSxS\amd64_microsoft.windows.common-controls_6595b64144ccf1df_6.0.19041.1110_none_60b5254171f9507e\COMCTL32.dll
0x00007ffbeb020000 - 0x00007ffbeb04c000 	C:\Windows\System32\GDI32.dll
0x00007ffbeb0f0000 - 0x00007ffbeb18e000 	C:\Windows\System32\msvcrt.dll
0x00007ffbe93e0000 - 0x00007ffbe94f5000 	C:\Windows\System32\gdi32full.dll
0x00007ffbe8d80000 - 0x00007ffbe8e1d000 	C:\Windows\System32\msvcp_win.dll
0x00007ffbe9660000 - 0x00007ffbe9690000 	C:\Windows\System32\IMM32.DLL
0x00007ffbdfe90000 - 0x00007ffbdfe9c000 	F:\eclipse\plugins\org.eclipse.justj.openjdk.hotspot.jre.full.win32.x86_64_17.0.5.v20221102-0933\jre\bin\vcruntime140_1.dll
0x00007ffbd8650000 - 0x00007ffbd86e1000 	F:\eclipse\plugins\org.eclipse.justj.openjdk.hotspot.jre.full.win32.x86_64_17.0.5.v20221102-0933\jre\bin\msvcp140.dll
0x00007ffba68d0000 - 0x00007ffba7514000 	F:\eclipse\plugins\org.eclipse.justj.openjdk.hotspot.jre.full.win32.x86_64_17.0.5.v20221102-0933\jre\bin\server\jvm.dll
0x00007ffbe9590000 - 0x00007ffbe963f000 	C:\Windows\System32\ADVAPI32.dll
0x00007ffbeb050000 - 0x00007ffbeb0ec000 	C:\Windows\System32\sechost.dll
0x00007ffbeaef0000 - 0x00007ffbeb016000 	C:\Windows\System32\RPCRT4.dll
0x00007ffbce970000 - 0x00007ffbce979000 	C:\Windows\SYSTEM32\WSOCK32.dll
0x00007ffbeb340000 - 0x00007ffbeb3ab000 	C:\Windows\System32\WS2_32.dll
0x00007ffbd2b90000 - 0x00007ffbd2bb7000 	C:\Windows\SYSTEM32\WINMM.dll
0x00007ffbddf00000 - 0x00007ffbddf0a000 	C:\Windows\SYSTEM32\VERSION.dll
0x00007ffbe7460000 - 0x00007ffbe7472000 	C:\Windows\SYSTEM32\kernel.appcore.dll
0x00007ffbdf890000 - 0x00007ffbdf89a000 	F:\eclipse\plugins\org.eclipse.justj.openjdk.hotspot.jre.full.win32.x86_64_17.0.5.v20221102-0933\jre\bin\jimage.dll
0x00007ffbe69c0000 - 0x00007ffbe6ba4000 	C:\Windows\SYSTEM32\DBGHELP.DLL
0x00007ffbcc990000 - 0x00007ffbcc9c4000 	C:\Windows\SYSTEM32\dbgcore.DLL
0x00007ffbe9500000 - 0x00007ffbe9582000 	C:\Windows\System32\bcryptPrimitives.dll
0x00007ffbd8620000 - 0x00007ffbd8645000 	F:\eclipse\plugins\org.eclipse.justj.openjdk.hotspot.jre.full.win32.x86_64_17.0.5.v20221102-0933\jre\bin\java.dll
0x00007ffbd8600000 - 0x00007ffbd8618000 	F:\eclipse\plugins\org.eclipse.justj.openjdk.hotspot.jre.full.win32.x86_64_17.0.5.v20221102-0933\jre\bin\zip.dll
0x00007ffbea440000 - 0x00007ffbeab84000 	C:\Windows\System32\SHELL32.dll
0x00007ffbe6cb0000 - 0x00007ffbe7443000 	C:\Windows\SYSTEM32\windows.storage.dll
0x00007ffbea0d0000 - 0x00007ffbea424000 	C:\Windows\System32\combase.dll
0x00007ffbe8590000 - 0x00007ffbe85be000 	C:\Windows\SYSTEM32\Wldp.dll
0x00007ffbeac50000 - 0x00007ffbeacfd000 	C:\Windows\System32\SHCORE.dll
0x00007ffbeab90000 - 0x00007ffbeabe5000 	C:\Windows\System32\shlwapi.dll
0x00007ffbe8b50000 - 0x00007ffbe8b6f000 	C:\Windows\SYSTEM32\profapi.dll
0x00007ffbd46f0000 - 0x00007ffbd4709000 	F:\eclipse\plugins\org.eclipse.justj.openjdk.hotspot.jre.full.win32.x86_64_17.0.5.v20221102-0933\jre\bin\net.dll
0x00007ffbdac60000 - 0x00007ffbdad6a000 	C:\Windows\SYSTEM32\WINHTTP.dll
0x00007ffbe82f0000 - 0x00007ffbe835a000 	C:\Windows\system32\mswsock.dll
0x00007ffbd3f40000 - 0x00007ffbd3f55000 	F:\eclipse\plugins\org.eclipse.justj.openjdk.hotspot.jre.full.win32.x86_64_17.0.5.v20221102-0933\jre\bin\nio.dll
0x00007ffbde040000 - 0x00007ffbde049000 	F:\eclipse\plugins\org.eclipse.justj.openjdk.hotspot.jre.full.win32.x86_64_17.0.5.v20221102-0933\jre\bin\management.dll
0x00007ffbdd500000 - 0x00007ffbdd50b000 	F:\eclipse\plugins\org.eclipse.justj.openjdk.hotspot.jre.full.win32.x86_64_17.0.5.v20221102-0933\jre\bin\management_ext.dll
0x00007ffbeb430000 - 0x00007ffbeb438000 	C:\Windows\System32\PSAPI.DLL
0x00007ffbde1a0000 - 0x00007ffbde1b0000 	F:\eclipse\plugins\org.eclipse.justj.openjdk.hotspot.jre.full.win32.x86_64_17.0.5.v20221102-0933\jre\bin\verify.dll
0x00007ffbe84e0000 - 0x00007ffbe84f8000 	C:\Windows\SYSTEM32\CRYPTSP.dll
0x00007ffbe7c10000 - 0x00007ffbe7c44000 	C:\Windows\system32\rsaenh.dll
0x00007ffbe9200000 - 0x00007ffbe9227000 	C:\Windows\System32\bcrypt.dll
0x00007ffbe8b10000 - 0x00007ffbe8b3e000 	C:\Windows\SYSTEM32\USERENV.dll
0x00007ffbe8500000 - 0x00007ffbe850c000 	C:\Windows\SYSTEM32\CRYPTBASE.dll
0x00007ffbe7fe0000 - 0x00007ffbe801c000 	C:\Windows\SYSTEM32\IPHLPAPI.DLL
0x00007ffbead00000 - 0x00007ffbead08000 	C:\Windows\System32\NSI.dll
0x00007ffbddf10000 - 0x00007ffbddf27000 	C:\Windows\SYSTEM32\dhcpcsvc6.DLL
0x00007ffbdd100000 - 0x00007ffbdd11d000 	C:\Windows\SYSTEM32\dhcpcsvc.DLL
0x00007ffbe8020000 - 0x00007ffbe80eb000 	C:\Windows\SYSTEM32\DNSAPI.dll
0x00007ffbde180000 - 0x00007ffbde18e000 	F:\eclipse\plugins\org.eclipse.justj.openjdk.hotspot.jre.full.win32.x86_64_17.0.5.v20221102-0933\jre\bin\sunmscapi.dll
0x00007ffbe9230000 - 0x00007ffbe938e000 	C:\Windows\System32\CRYPT32.dll
0x00007ffbe8600000 - 0x00007ffbe8628000 	C:\Windows\SYSTEM32\ncrypt.dll
0x00007ffbe85c0000 - 0x00007ffbe85fb000 	C:\Windows\SYSTEM32\NTASN1.dll
0x00007ffbd8900000 - 0x00007ffbd890a000 	C:\Windows\System32\rasadhlp.dll
0x00007ffbd2a80000 - 0x00007ffbd2b02000 	C:\Windows\System32\fwpuclnt.dll

dbghelp: loaded successfully - version: 4.0.5 - missing functions: none
symbol engine: initialized successfully - sym options: 0x614 - pdb path: .;F:\eclipse\plugins\org.eclipse.justj.openjdk.hotspot.jre.full.win32.x86_64_17.0.5.v20221102-0933\jre\bin;C:\Windows\SYSTEM32;C:\Windows\WinSxS\amd64_microsoft.windows.common-controls_6595b64144ccf1df_6.0.19041.1110_none_60b5254171f9507e;F:\eclipse\plugins\org.eclipse.justj.openjdk.hotspot.jre.full.win32.x86_64_17.0.5.v20221102-0933\jre\bin\server

VM Arguments:
java_command: C:\Users\S\AppData\Local\Temp\surefire17022646079952473704\surefirebooter16153160097972499830.jar C:\Users\S\AppData\Local\Temp\surefire17022646079952473704 2023-05-26T00-14-22_498-jvmRun1 surefire6456138217871925068tmp surefire_07838028144055966132tmp
java_class_path (initial): C:\Users\S\AppData\Local\Temp\surefire17022646079952473704\surefirebooter16153160097972499830.jar
Launcher Type: SUN_STANDARD

[Global flags]
     intx CICompilerCount                          = 4                                         {product} {ergonomic}
     uint ConcGCThreads                            = 2                                         {product} {ergonomic}
     uint G1ConcRefinementThreads                  = 8                                         {product} {ergonomic}
   size_t G1HeapRegionSize                         = 1048576                                   {product} {ergonomic}
    uintx GCDrainStackTargetSize                   = 64                                        {product} {ergonomic}
   size_t InitialHeapSize                          = 134217728                                 {product} {ergonomic}
   size_t MarkStackSize                            = 4194304                                   {product} {ergonomic}
   size_t MaxHeapSize                              = 2116026368                                {product} {ergonomic}
   size_t MaxNewSize                               = 1268776960                                {product} {ergonomic}
   size_t MinHeapDeltaBytes                        = 1048576                                   {product} {ergonomic}
   size_t MinHeapSize                              = 8388608                                   {product} {ergonomic}
    uintx NonNMethodCodeHeapSize                   = 5839372                                {pd product} {ergonomic}
    uintx NonProfiledCodeHeapSize                  = 122909434                              {pd product} {ergonomic}
    uintx ProfiledCodeHeapSize                     = 122909434                              {pd product} {ergonomic}
    uintx ReservedCodeCacheSize                    = 251658240                              {pd product} {ergonomic}
     bool SegmentedCodeCache                       = true                                      {product} {ergonomic}
   size_t SoftMaxHeapSize                          = 2116026368                             {manageable} {ergonomic}
     bool UseCompressedClassPointers               = true                           {product lp64_product} {ergonomic}
     bool UseCompressedOops                        = true                           {product lp64_product} {ergonomic}
     bool UseG1GC                                  = true                                      {product} {ergonomic}
     bool UseLargePagesIndividualAllocation        = false                                  {pd product} {ergonomic}

Logging:
Log output configuration:
 #0: stdout all=warning uptime,level,tags
 #1: stderr all=off uptime,level,tags

Environment Variables:
PATH=F:/eclipse//plugins/org.eclipse.justj.openjdk.hotspot.jre.full.win32.x86_64_17.0.7.v20230425-1502/jre/bin/server;F:/eclipse//plugins/org.eclipse.justj.openjdk.hotspot.jre.full.win32.x86_64_17.0.7.v20230425-1502/jre/bin;C:\Program Files (x86)\VMware\VMware Workstation\bin\;C:\Program Files (x86)\Common Files\Oracle\Java\javapath;C:\Windows\system32;C:\Windows;C:\Windows\System32\Wbem;C:\Windows\System32\WindowsPowerShell\v1.0\;C:\Windows\System32\OpenSSH\;C:\Program Files\Java\jdk1.8.0_361\bin;C:\Program Files\dotnet\;C:\Users\S\Downloads\apache-maven-3.9.1-bin\apache-maven-3.9.1\bin;C:\Program Files (x86)\Git\cmd;C:\Users\S\AppData\Local\Microsoft\WindowsApps;;F:\eclipse;
USERNAME=S
OS=Windows_NT
PROCESSOR_IDENTIFIER=Intel64 Family 6 Model 142 Stepping 10, GenuineIntel
TMP=C:\Users\S\AppData\Local\Temp
TEMP=C:\Users\S\AppData\Local\Temp



---------------  S Y S T E M  ---------------

OS:
 Windows 10 , 64 bit Build 19041 (10.0.19041.2913)
OS uptime: 7 days 23:02 hours

CPU: total 8 (initial active 8) (4 cores per cpu, 2 threads per core) family 6 model 142 stepping 10 microcode 0xb4, cx8, cmov, fxsr, ht, mmx, 3dnowpref, sse, sse2, sse3, ssse3, sse4.1, sse4.2, popcnt, lzcnt, tsc, tscinvbit, avx, avx2, aes, erms, clmul, bmi1, bmi2, rtm, adx, fma, vzeroupper, clflush, clflushopt

Memory: 4k page, system-wide physical 8071M (811M free)
TotalPageFile size 10119M (AvailPageFile size 2M)
current process WorkingSet (physical memory assigned to process): 118M, peak: 131M
current process commit charge ("private bytes"): 196M, peak: 238M

vm_info: OpenJDK 64-Bit Server VM (17.0.5+8) for windows-amd64 JRE (17.0.5+8), built on Oct 19 2022 04:48:13 by "temurin" with MS VC++ 16.7 (VS2019)

END.
